
NOMAD - version 3.6.0 - www.gerad.ca/nomad

Copyright (C) 2001-2013 {
	Mark A. Abramson     - The Boeing Company
	Charles Audet        - Ecole Polytechnique de Montreal
	Gilles Couture       - Ecole Polytechnique de Montreal
	John E. Dennis, Jr.  - Rice University
	Sebastien Le Digabel - Ecole Polytechnique de Montreal
	Christophe Tribes    - Ecole Polytechnique de Montreal
} 

Funded in part by AFOSR and Exxon Mobil.

License   : '$NOMAD_HOME/src/lgpl.txt'
User guide: '$NOMAD_HOME/doc/user_guide.pdf'
Examples  : '$NOMAD_HOME/examples'
Tools     : '$NOMAD_HOME/tools'

Please report bugs to nomad@gerad.ca

multi-MADS run {

	MADS run  1 ...... OK [bb eval= 64] [overall bb eval=   64] [# dominant pts=   6] [# new pts=   6] [f1=0 f2=11]
	MADS run  2 ...... OK [bb eval= 32] [overall bb eval=   96] [# dominant pts=  16] [# new pts=  10] [f1=0.568413426 f2=0.1147587865]
	MADS run  3 ...... OK [bb eval= 32] [overall bb eval=  128] [# dominant pts=  16] [# new pts=   0] [f1=0 f2=1]
	MADS run  4 ...... OK [bb eval= 32] [overall bb eval=  160] [# dominant pts=  23] [# new pts=   7] [f1=0.510210301 f2=0.6101911256]
	MADS run  5 ...... OK [bb eval= 32] [overall bb eval=  192] [# dominant pts=  32] [# new pts=   9] [f1=0.08125 f2=0.9210041574]
	MADS run  6 ...... OK [bb eval= 32] [overall bb eval=  224] [# dominant pts=  48] [# new pts=  16] [f1=0.4930346266 f2=0.8427868068]
	MADS run  7 ...... OK [bb eval= 32] [overall bb eval=  256] [# dominant pts=  53] [# new pts=   5] [f1=0.08327636719 f2=0.9208860571]
	MADS run  8 ...... OK [bb eval= 32] [overall bb eval=  288] [# dominant pts=  58] [# new pts=   5] [f1=0.4877981917 f2=0.9093098374]
	MADS run  9 ...... OK [bb eval= 32] [overall bb eval=  320] [# dominant pts=  64] [# new pts=   6] [f1=0.4872610823 f2=0.9159284967]
	MADS run 10 ...... OK [bb eval= 32] [overall bb eval=  352] [# dominant pts=  71] [# new pts=   7] [f1=0.08298339844 f2=0.9208858963]
	MADS run 11 ...... OK [bb eval= 32] [overall bb eval=  384] [# dominant pts=  77] [# new pts=   6] [f1=0.08317260742 f2=0.9208853274]
	MADS run 12 ...... OK [bb eval= 32] [overall bb eval=  416] [# dominant pts=  83] [# new pts=   6] [f1=0.082995224 f2=0.920885789]
	MADS run 13 ...... OK [bb eval= 32] [overall bb eval=  448] [# dominant pts=  89] [# new pts=   6] [f1=0.4869864241 f2=0.91959879]
	MADS run 14 ...... OK [bb eval= 32] [overall bb eval=  480] [# dominant pts=  93] [# new pts=   4] [f1=0.08318443298 f2=0.9208853733]
	MADS run 15 ...... OK [bb eval= 20] [overall bb eval=  500] [# dominant pts=  97] [# new pts=   4] [f1=0.08319625854 f2=0.9208854287]

} end of run (max number of bb evaluations)


blackbox evaluations    : 500
number of MADS runs     : 15

Pareto front {

	BBE	(	0.0000000000 0.0000000000 )	0.0000000000 1.0000000000 
	BBE	(	0.0003906250 0.0000000000 )	0.0003906250 0.9999960125 
	BBE	(	0.0031250000 0.0000000000 )	0.0031250000 0.9997450497 
	BBE	(	0.0046875000 0.0000000000 )	0.0046875000 0.9994270708 
	BBE	(	0.0250000000 0.0000000000 )	0.0250000000 0.9846803687 
	BBE	(	0.0500000000 0.0000000000 )	0.0500000000 0.9499471742 
	BBE	(	0.0546875000 0.0000000000 )	0.0546875000 0.9433725823 
	BBE	(	0.0575927734 0.0000000000 )	0.0575927734 0.9395277600 
	BBE	(	0.0579833984 0.0000000000 )	0.0579833984 0.9390277004 
	BBE	(	0.0579952240 0.0000000000 )	0.0579952240 0.9390126295 
	BBE	(	0.0581962585 0.0000000000 )	0.0581962585 0.9387570425 
	BBE	(	0.0593750000 0.0000000000 )	0.0593750000 0.9372826427 
	BBE	(	0.0625000000 0.0000000000 )	0.0625000000 0.9335937500 
	BBE	(	0.0687500000 0.0000000000 )	0.0687500000 0.9273698641 
	BBE	(	0.0700927734 0.0000000000 )	0.0700927734 0.9262665766 
	BBE	(	0.0704833984 0.0000000000 )	0.0704833984 0.9259627093 
	BBE	(	0.0704952240 0.0000000000 )	0.0704952240 0.9259536326 
	BBE	(	0.0706962585 0.0000000000 )	0.0706962585 0.9258004362 
	BBE	(	0.0718750000 0.0000000000 )	0.0718750000 0.9249448963 
	BBE	(	0.0720458984 0.0000000000 )	0.0720458984 0.9248270091 
	BBE	(	0.0734375000 0.0000000000 )	0.0734375000 0.9239266272 
	BBE	(	0.0750000000 0.0000000000 )	0.0750000000 0.9230457613 
	BBE	(	0.0763427734 0.0000000000 )	0.0763427734 0.9224028257 
	BBE	(	0.0765625000 0.0000000000 )	0.0765625000 0.9223079094 
	BBE	(	0.0767333984 0.0000000000 )	0.0767333984 0.9222361133 
	BBE	(	0.0767452240 0.0000000000 )	0.0767452240 0.9222312111 
	BBE	(	0.0769462585 0.0000000000 )	0.0769462585 0.9221491810 
	BBE	(	0.0781250000 0.0000000000 )	0.0781250000 0.9217183959 
	BBE	(	0.0794677734 0.0000000000 )	0.0794677734 0.9213341306 
	BBE	(	0.0796875000 0.0000000000 )	0.0796875000 0.9212822432 
	BBE	(	0.0798583984 0.0000000000 )	0.0798583984 0.9212440471 
	BBE	(	0.0798702240 0.0000000000 )	0.0798702240 0.9212414741 
	BBE	(	0.0800712585 0.0000000000 )	0.0800712585 0.9211991262 
	BBE	(	0.0800781250 0.0000000000 )	0.0800781250 0.9211977263 
	BBE	(	0.0812500000 0.0000000000 )	0.0812500000 0.9210041574 
	BBE	(	0.0816951752 0.0000000000 )	0.0816951752 0.9209544790 
	BBE	(	0.0818115234 0.0000000000 )	0.0818115234 0.9209436812 
	BBE	(	0.0825927734 0.0000000000 )	0.0825927734 0.9208948063 
	BBE	(	0.0827087402 0.0000000000 )	0.0827087402 0.9208910758 
	BBE	(	0.0827205658 0.0000000000 )	0.0827205658 0.9208907468 
	BBE	(	0.0828491211 0.0000000000 )	0.0828491211 0.9208877854 
	BBE	(	0.0828609467 0.0000000000 )	0.0828609467 0.9208875696 
	BBE	(	0.0829833984 0.0000000000 )	0.0829833984 0.9208858963 
	BBE	(	0.0829952240 0.0000000000 )	0.0829952240 0.9208857890 
	BBE	(	0.0830013275 0.0000000000 )	0.0830013275 0.9208857373 
	BBE	(	0.0830070496 0.0000000000 )	0.0830070496 0.9208856912 
	BBE	(	0.0831962585 0.0000000000 )	0.0831962585 0.9208854287 
	BBE	(	0.4868704573 0.0000000000 )	0.4868704573 0.9207155678 
	BBE	(	0.4869375960 0.0000000000 )	0.4869375960 0.9198943990 
	BBE	(	0.4869498030 0.0000061035 )	0.4869498030 0.9198205304 
	BBE	(	0.4872122542 0.0000000000 )	0.4872122542 0.9165281119 
	BBE	(	0.4872610823 0.0000000000 )	0.4872610823 0.9159284967 
	BBE	(	0.4875540510 0.0000000000 )	0.4875540510 0.9123234939 
	BBE	(	0.4876028792 0.0000000000 )	0.4876028792 0.9117214489 
	BBE	(	0.4876517073 0.0000000000 )	0.4876517073 0.9111190600 
	BBE	(	0.4877981917 0.0000000000 )	0.4877981917 0.9093098374 
	BBE	(	0.4881888167 0.0003906250 )	0.4881888167 0.9093039050 
	BBE	(	0.4883841292 0.0003417969 )	0.4883841292 0.9062729333 
	BBE	(	0.4895560042 0.0000000000 )	0.4895560042 0.8873661037 
	BBE	(	0.4898978010 0.0000000000 )	0.4898978010 0.8830511598 
	BBE	(	0.4899954573 0.0000000000 )	0.4899954573 0.8818155516 
	BBE	(	0.4902395979 0.0000000000 )	0.4902395979 0.8787212180 
	BBE	(	0.4902884260 0.0000000000 )	0.4902884260 0.8781014470 
	BBE	(	0.4903860823 0.0000000000 )	0.4903860823 0.8768610074 
	BBE	(	0.4910696760 0.0003417969 )	0.4910696760 0.8723843458 
	BBE	(	0.4915579573 0.0000000000 )	0.4915579573 0.8618847067 
	BBE	(	0.4923636214 0.0002746582 )	0.4923636214 0.8549055700 
	BBE	(	0.4926657454 0.0001342773 )	0.4926657454 0.8492483622 
	BBE	(	0.4927481428 0.0000000000 )	0.4927481428 0.8465106897 
	BBE	(	0.4928885237 0.0000000000 )	0.4928885237 0.8446870327 
	BBE	(	0.4930228010 0.0000000000 )	0.4930228010 0.8429406953 
	BBE	(	0.4930289046 0.0000030518 )	0.4930289046 0.8428992063 
	BBE	(	0.4930346266 0.0000000000 )	0.4930346266 0.8427868068 
	BBE	(	0.4933645979 0.0000000000 )	0.4933645979 0.8384869043 
	BBE	(	0.4934134260 0.0000000000 )	0.4934134260 0.8378496564 
	BBE	(	0.4941946760 0.0003417969 )	0.4941946760 0.8318707921 
	BBE	(	0.4945853010 0.0000000000 )	0.4945853010 0.8224840743 
	BBE	(	0.4961478010 0.0000000000 )	0.4961478010 0.8017975566 
	BBE	(	0.4977103010 0.0000000000 )	0.4977103010 0.7809100925 
	BBE	(	0.4992728010 0.0000000000 )	0.4992728010 0.7598511231 
	BBE	(	0.4997610823 0.0000000000 )	0.4997610823 0.7532397365 
	BBE	(	0.5039603010 0.0000000000 )	0.5039603010 0.6959460045 
	BBE	(	0.5055228010 0.0000000000 )	0.5055228010 0.6745036474 
	BBE	(	0.5102103010 0.0000000000 )	0.5102103010 0.6101911256 
	BBE	(	0.5118704573 0.0000000000 )	0.5118704573 0.5875339373 
	BBE	(	0.5148978010 0.0000000000 )	0.5148978010 0.5465640182 
	BBE	(	0.5180228010 0.0000000000 )	0.5180228010 0.5049494886 
	BBE	(	0.5305228010 0.0000000000 )	0.5305228010 0.3503277367 
	BBE	(	0.5352103010 0.0000000000 )	0.5352103010 0.2993659181 
	BBE	(	0.5430228010 0.0000000000 )	0.5430228010 0.2258755892 
	BBE	(	0.5555228010 0.0000000000 )	0.5555228010 0.1443908529 
	BBE	(	0.5574759260 0.0000000000 )	0.5574759260 0.1361829059 
	BBE	(	0.5617728010 0.0000000000 )	0.5617728010 0.1227323410 
	BBE	(	0.5648978010 0.0000000000 )	0.5648978010 0.1170181233 
	BBE	(	0.5652884260 0.0000000000 )	0.5652884260 0.1165481567 
	BBE	(	0.5680228010 0.0000000000 )	0.5680228010 0.1147903682 
	BBE	(	0.5684134260 0.0000000000 )	0.5684134260 0.1147587865 
} 

number of Pareto points: 97
