
NOMAD - version 3.6.1 - www.gerad.ca/nomad

Copyright (C) 2001-2013 {
	Mark A. Abramson     - The Boeing Company
	Charles Audet        - Ecole Polytechnique de Montreal
	Gilles Couture       - Ecole Polytechnique de Montreal
	John E. Dennis, Jr.  - Rice University
	Sebastien Le Digabel - Ecole Polytechnique de Montreal
	Christophe Tribes    - Ecole Polytechnique de Montreal
} 

Funded in part by AFOSR and Exxon Mobil.

License   : '$NOMAD_HOME/src/lgpl.txt'
User guide: '$NOMAD_HOME/doc/user_guide.pdf'
Examples  : '$NOMAD_HOME/examples'
Tools     : '$NOMAD_HOME/tools'

Please report bugs to nomad@gerad.ca

MADS run {

	BBE	OBJ

	 8	77.4106000000
	13	14.6999000000
	32	12.2638000000
	41	2.6618100000
	50	2.6618100000

} end of run (max number of blackbox evaluations)

blackbox evaluations    : 50
best infeasible solution: ( 3 -1.728932188 ) h=0.0107935 f=11.9892
best feasible solution  : ( 1.125 1.181601718 ) h=0 f=2.66181
