
NOMAD - version 3.6.1 - www.gerad.ca/nomad

Copyright (C) 2001-2013 {
	Mark A. Abramson     - The Boeing Company
	Charles Audet        - Ecole Polytechnique de Montreal
	Gilles Couture       - Ecole Polytechnique de Montreal
	John E. Dennis, Jr.  - Rice University
	Sebastien Le Digabel - Ecole Polytechnique de Montreal
	Christophe Tribes    - Ecole Polytechnique de Montreal
} 

Funded in part by AFOSR and Exxon Mobil.

License   : '$NOMAD_HOME/src/lgpl.txt'
User guide: '$NOMAD_HOME/doc/user_guide.pdf'
Examples  : '$NOMAD_HOME/examples'
Tools     : '$NOMAD_HOME/tools'

Please report bugs to nomad@gerad.ca

MADS run {

	BBE	(	SOL	)	OBJ

	  2	(	1.1000000000 0.0000000000 0.0000000000 0.0000000000 0.0000000000 )	275.2281000000 (PhaseOne)
	  3	(	4.4000000000 0.0000000000 0.0000000000 0.0000000000 0.0000000000 )	0.0000000000 (PhaseOne)
	  3	(	4.4000000000 0.0000000000 0.0000000000 0.0000000000 0.0000000000 )	0.0000000000
	 11	(	4.6750000000 0.9000000000 0.9750000000 1.5000000000 -1.5000000000 )	-1.5000000000
	 55	(	1.6500000000 1.8000000000 1.9500000000 -1.5000000000 -3.0000000000 )	-3.0000000000
	100	(	1.6500000000 1.8000000000 1.9500000000 -1.5000000000 -3.0000000000 )	-3.0000000000

} end of run (max number of blackbox evaluations)

blackbox evaluations                     : 100
best infeasible solution (min. violation): ( 1.65 1.8 2.6 -1.5 -3 ) h=0.8725 f=-3
best feasible solution                   : ( 1.65 1.8 1.95 -1.5 -3 ) h=0 f=-3
