
MADS run #0 {

MADS run {

	BBE	(	SOL	)	OBJ

	  2	(	1.1000000000 0.0000000000 0.0000000000 0.0000000000 0.0000000000 )	275.2281000000 (PhaseOne)
	  3	(	4.4000000000 0.0000000000 0.0000000000 0.0000000000 0.0000000000 )	0.0000000000 (PhaseOne)
	  3	(	4.4000000000 0.0000000000 0.0000000000 0.0000000000 0.0000000000 )	0.0000000000
	  9	(	4.4000000000 0.0000000000 0.0000000000 0.0000000000 0.0000000000 )	0.0000000000

} end of run (terminated by the user inside Evaluator::update_iteration())

blackbox evaluations                     : 9
best feasible solution                   : ( 4.4 0 0 0 0 ) h=0 f=0
} 

MADS run #1 {

MADS run {

	BBE	(	SOL	)	OBJ

	  9	(	4.4000000000 0.0000000000 0.0000000000 0.0000000000 0.0000000000 )	0.0000000000
	 15	(	4.4000000000 0.0000000000 0.0000000000 0.0000000000 0.0000000000 )	0.0000000000

} end of run (terminated by the user inside Evaluator::update_iteration())

blackbox evaluations                     : 15
best feasible solution                   : ( 4.4 0 0 0 0 ) h=0 f=0
} 

MADS run #2 {

MADS run {

	BBE	(	SOL	)	OBJ

	 15	(	4.4000000000 -0.6000000000 0.0000000000 0.0000000000 0.0000000000 )	0.0000000000
	 16	(	4.5375000000 -0.1500000000 0.4875000000 0.7500000000 -1.5000000000 )	-1.5000000000
	 23	(	4.5375000000 -0.1500000000 0.4875000000 0.7500000000 -1.5000000000 )	-1.5000000000

} end of run (terminated by the user inside Evaluator::update_iteration())

blackbox evaluations                     : 23
best feasible solution                   : ( 4.5375 -0.15 0.4875 0.75 -1.5 ) h=0 f=-1.5
} 

MADS run #3 {

MADS run {

	BBE	(	SOL	)	OBJ

	 23	(	4.5375000000 -0.7500000000 0.4875000000 0.7500000000 -1.5000000000 )	-1.5000000000
	 30	(	4.1250000000 -0.9750000000 0.3250000000 0.7500000000 -2.2500000000 )	-2.2500000000
	 38	(	4.1250000000 -0.9750000000 0.3250000000 0.7500000000 -2.2500000000 )	-2.2500000000

} end of run (terminated by the user inside Evaluator::update_iteration())

blackbox evaluations                     : 38
best feasible solution                   : ( 4.125 -0.975 0.325 0.75 -2.25 ) h=0 f=-2.25
} 

MADS run #4 {

MADS run {

	BBE	(	SOL	)	OBJ

	 38	(	3.5750000000 -0.9750000000 0.3250000000 0.7500000000 -2.2500000000 )	-2.2500000000
	 44	(	3.5750000000 -0.9750000000 0.3250000000 0.7500000000 -2.2500000000 )	-2.2500000000

} end of run (terminated by the user inside Evaluator::update_iteration())

blackbox evaluations                     : 44
best feasible solution                   : ( 3.575 -0.975 0.325 0.75 -2.25 ) h=0 f=-2.25
} 
