Warning: {
	Model use is disabled for direction type. Direction types ORTHO N+1 QUAD are changed to ORTHO N+1 NEG.
} 
Warning: {
	Model use is disabled for problem with categorical variables.
} 

MADS run {

	BBE	(	SOL	)	OBJ

	1	(	1 0 100.0000000000 )	160.6247422680
	3	(	1 0 1100.0000000000 )	154.5010309278
	4	(	1 0 4100.0000000000 )	136.1298969072
	5	(	1 0 10000.0000000000 )	100.0000000000
	7	(	2 0 5000.0000000000 1 5000.0000000000 )	58.5324359492
	11	(	2 0 5000.0000000000 2 5000.0000000000 )	55.9016994375
	17	(	3 0 3333.3333333333 2 3333.3333333333 1 3333.3333333333 )	47.1682905221
	57+3	(	2 0 4000.0000000000 2 6000.0000000000 )	53.8144961883 (ExtendedPoll)
	85+3	(	2 0 4937.5000000000 2 5062.5000000000 )	55.6303106280 (ExtendedPoll)
	85+4	(	2 0 4750.0000000000 2 5250.0000000000 )	54.9175874038 (ExtendedPoll)
	85+12	(	2 0 4125.0000000000 2 5875.0000000000 )	53.7856009462 (ExtendedPoll)
	171	(	3 0 3333.2365055879 2 3333.4012826284 1 3333.3571751912 )	47.1681115325
	172	(	3 0 3332.9460223516 2 3333.6051305135 1 3333.4287007650 )	47.1675747997
	173	(	3 0 3331.7840894063 2 3334.4205220540 1 3333.7148030599 )	47.1654314112
	174	(	3 0 3327.1363576253 2 3337.6820882161 1 3334.8592122396 )	47.1569145813
	175	(	3 0 3308.5454305013 2 3350.7283528646 1 3339.4368489583 )	47.1237573269
	176	(	3 0 3234.1817220052 2 3402.9134114583 1 3357.7473958333 )	47.0058461470
	177	(	3 0 2936.7268880208 2 3611.6536458333 1 3430.9895833333 )	46.7791198645
	180	(	3 0 2939.6565755208 2 3626.3020833333 1 3433.4309895833 )	46.5971165597
	188+3	(	2 0 4968.4448242188 2 5030.9448242188 )	55.7700229860 (ExtendedPoll)
	188+4	(	2 0 4874.6948242188 2 5124.6948242188 )	55.3815102271 (ExtendedPoll)
	188+5	(	2 0 4499.6948242188 2 5499.6948242188 )	54.2281651973 (ExtendedPoll)
	222	(	3 0 2938.0086263021 2 3629.3233235677 1 3432.2713216146 )	46.5966029926
	241	(	3 0 2937.1846516927 2 3630.9712727865 1 3431.7220052083 )	46.5948200019
	249+1	(	2 0 4996.9482421875 2 5002.1820068359 )	55.8986624020 (ExtendedPoll)
	249+2	(	2 0 4987.9760742188 2 5008.9111328125 )	55.8860610670 (ExtendedPoll)
	249+3	(	2 0 4952.0874023438 2 5035.8276367188 )	55.8379720549 (ExtendedPoll)
	249+4	(	2 0 4808.5327148438 2 5143.4936523438 )	55.6836996384 (ExtendedPoll)
	249+6	(	2 0 4789.0014648438 2 5190.3686523438 )	55.2919803127 (ExtendedPoll)
	249+8	(	2 0 4726.5014648438 2 5237.2436523438 )	55.2532965453 (ExtendedPoll)
	249+9	(	2 0 4539.0014648438 2 5377.8686523438 )	55.2139570834 (ExtendedPoll)
	249+20	(	2 0 4519.4702148438 2 5424.7436523438 )	54.8659127427 (ExtendedPoll)
	249+22	(	2 0 4472.5952148438 2 5487.2436523438 )	54.5900037196 (ExtendedPoll)
	249+33	(	2 0 4452.0874023438 2 5506.7749023438 )	54.5570993340 (ExtendedPoll)
	249+34	(	2 0 4390.5639648438 2 5565.3686523438 )	54.4706155097 (ExtendedPoll)
	249+35	(	2 0 4144.4702148438 2 5799.7436523438 )	54.3146668013 (ExtendedPoll)
	249+47	(	2 0 4144.4702148438 2 5830.9936523438 )	54.0190790503 (ExtendedPoll)
	249+49	(	2 0 4121.0327148438 2 5862.2436523438 )	53.9401230180 (ExtendedPoll)
	249+57	(	2 0 4111.2670898438 2 5885.6811523438 )	53.8124683871 (ExtendedPoll)
	347	(	3 0 2937.4043544134 2 3630.6631167730 1 3431.8928321203 )	46.5938751982
	355+1	(	2 0 4999.5796084404 2 5000.2467036247 )	55.9019360416 (ExtendedPoll)
	355+2	(	2 0 4998.3779788017 2 5001.0463595390 )	55.9014633785 (ExtendedPoll)
	355+3	(	2 0 4993.5714602470 2 5004.2449831963 )	55.8996086743 (ExtendedPoll)
	355+4	(	2 0 4974.3453860283 2 5017.0394778252 )	55.8927671128 (ExtendedPoll)
	355+5	(	2 0 4897.4410891533 2 5068.2174563408 )	55.8747706802 (ExtendedPoll)
	355+7	(	2 0 4887.1871829033 2 5077.9830813408 )	55.8383793615 (ExtendedPoll)
	355+8	(	2 0 4856.4254641533 2 5107.2799563408 )	55.7317544820 (ExtendedPoll)
	355+9	(	2 0 4733.3785891533 2 5224.4674563408 )	55.3444557037 (ExtendedPoll)
	355+10	(	2 0 4241.1910891533 2 5693.2174563408 )	54.4812161767 (ExtendedPoll)
	355+16	(	2 0 4241.1910891533 2 5755.7174563408 )	53.8687489670 (ExtendedPoll)
	355+28	(	2 0 4220.6832766533 2 5775.2487063408 )	53.8630271865 (ExtendedPoll)
	355+29	(	2 0 4159.1598391533 2 5833.8424563408 )	53.8590851053 (ExtendedPoll)
	355+47	(	2 0 4161.4486575127 2 5836.8942141533 )	53.8096574396 (ExtendedPoll)
	355+56	(	2 0 4163.1881594658 2 5836.0664248466 )	53.8016878117 (ExtendedPoll)
	355+61	(	2 0 4164.7140383720 2 5834.9220156670 )	53.7986379355 (ExtendedPoll)
	439	(	3 0 2937.3075266679 2 3630.7310660680 1 3431.9166739782 )	46.5938744868
	440	(	3 0 2937.0170434316 2 3630.9349139531 1 3431.9881995519 )	46.5938726172
	441	(	3 0 2935.8551104863 2 3631.7503054937 1 3432.2743018468 )	46.5938691103
	449+3	(	2 0 4998.8498091698 2 5000.7724165916 )	55.9011606264 (ExtendedPoll)
	449+4	(	2 0 4995.5796599388 2 5003.2700896263 )	55.8959747828 (ExtendedPoll)
	449+5	(	2 0 4982.4990630150 2 5013.2607817650 )	55.8755440249 (ExtendedPoll)
	449+6	(	2 0 4930.1766753197 2 5053.2235503197 )	55.7988736138 (ExtendedPoll)
	449+7	(	2 0 4720.8871245384 2 5213.0746245384 )	55.5762877181 (ExtendedPoll)
	449+9	(	2 0 4701.3558745384 2 5233.5824370384 )	55.4985813385 (ExtendedPoll)
	449+10	(	2 0 4642.7621245384 2 5295.1058745384 )	55.2768713837 (ExtendedPoll)
	449+11	(	2 0 4408.3871245384 2 5541.1996245384 )	54.5688522315 (ExtendedPoll)
	449+16	(	2 0 4388.8558745384 2 5588.0746245384 )	54.2507454186 (ExtendedPoll)
	449+21	(	2 0 4365.4183745384 2 5619.3246245384 )	54.1334399484 (ExtendedPoll)
	449+32	(	2 0 4362.7328276634 2 5633.9730620384 )	54.0077970233 (ExtendedPoll)
	449+40	(	2 0 4357.8500151634 2 5639.1000151634 )	53.9982754666 (ExtendedPoll)
	449+41	(	2 0 4343.2015776634 2 5654.4808745384 )	53.9705297268 (ExtendedPoll)
	449+46	(	2 0 4332.9476714134 2 5664.2464995384 )	53.9618869405 (ExtendedPoll)
	449+47	(	2 0 4302.1859526634 2 5693.5433745384 )	53.9391543798 (ExtendedPoll)
	449+48	(	2 0 4179.1390776634 2 5810.7308745384 )	53.8969192694 (ExtendedPoll)
	449+56	(	2 0 4159.6078276634 2 5831.2386870384 )	53.8795345430 (ExtendedPoll)
	449+57	(	2 0 4101.0140776634 2 5892.7621245384 )	53.8412486326 (ExtendedPoll)
	449+74	(	2 0 4098.7710356712 2 5895.7528471947 )	53.8343685888 (ExtendedPoll)
	449+75	(	2 0 4092.0419096947 2 5904.7250151634 )	53.8139898492 (ExtendedPoll)
	449+79	(	2 0 4107.6669096947 2 5889.1000151634 )	53.8139497012 (ExtendedPoll)
	449+87	(	2 0 4113.7704253197 2 5884.5223784447 )	53.8002445321 (ExtendedPoll)
	449+97	(	2 0 4110.7797026634 2 5888.8558745384 )	53.7876969649 (ExtendedPoll)
	560	(	3 0 2935.5232318242 2 3632.0821841558 1 3432.3484500249 )	46.5930668126
	574	(	3 0 2935.3015025457 2 3631.8747599920 1 3432.7244361242 )	46.5929868220
	575	(	3 0 2934.6363147100 2 3631.2524875005 1 3433.8523944219 )	46.5927473628
	576	(	3 0 2931.9755633672 2 3628.7633975347 1 3438.3642276128 )	46.5917972168
	577	(	3 0 2921.3325579961 2 3618.8070376714 1 3456.4115603765 )	46.5881198835
	578	(	3 0 2878.7605365117 2 3578.9815982183 1 3528.6008914312 )	46.5753951784
	579	(	3 0 2708.4724505742 2 3419.6798404058 1 3817.3582156499 )	46.5570662211
	581	(	3 0 2690.8943255742 2 3428.4689029058 1 3834.9363406499 )	46.4638052187
	582	(	3 0 2638.1599505742 2 3454.8360904058 1 3887.6707156499 )	46.1981760394
	586	(	3 0 2638.1599505742 2 3407.9610904058 1 3950.1707156499 )	45.9780844637
	633	(	3 0 2638.3430560430 2 3405.3976138433 1 3952.6273806890 )	45.9737939538
	634	(	3 0 2638.8923724492 2 3397.7071841558 1 3959.9973758062 )	45.9609649318
	635	(	3 0 2641.0896380742 2 3366.9454654058 1 3989.4773562749 )	45.9102851408
	639	(	3 0 2664.5271380742 2 3355.2267154058 1 3978.7351687749 )	45.9032948418
	650	(	3 0 2664.5271380742 2 3334.7189029058 1 3998.2664187749 )	45.8850523760
	651	(	3 0 2664.5271380742 2 3273.1954654058 1 4056.8601687749 )	45.8328285149
	652	(	3 0 2664.5271380742 2 3027.1017154058 1 4291.2351687749 )	45.6609379533
	653	(	3 0 2664.5271380742 2 2042.7267154058 1 5228.7351687749 )	45.5297199708
	671	(	3 0 2641.0896380742 2 2058.3517154058 1 5275.6101687749 )	45.0876507515
	684	(	3 0 2617.6521380742 2 2069.0939029058 1 5287.3289187749 )	45.0599354111
	685	(	3 0 2547.3396380742 2 2101.3204654058 1 5322.4851687749 )	44.9899202513
	686	(	3 0 2266.0896380742 2 2230.2267154058 1 5463.1101687749 )	44.9125942014
	703	(	3 0 2246.5583880742 2 2251.7110904058 1 5467.0164187749 )	44.8661892382
	704	(	3 0 2187.9646380742 2 2316.1642154058 1 5478.7351687749 )	44.7459647043
	721	(	3 0 2179.1755755742 2 2322.0235904058 1 5489.2332156499 )	44.6833507379
	725	(	3 0 2183.0818255742 2 2302.4923404058 1 5510.7175906499 )	44.6156614523
	741	(	3 0 2189.6736224492 2 2299.1964419683 1 5508.5203250249 )	44.6027984442
	743	(	3 0 2196.5095599492 2 2288.4542544683 1 5511.9382937749 )	44.5988368633
	744	(	3 0 2217.0173724492 2 2256.2276919683 1 5522.1922000249 )	44.5893464096
	745	(	3 0 2299.0486224492 2 2127.3214419683 1 5563.2078250249 )	44.5869548901
	765	(	3 0 2289.0388568242 2 2149.0499575933 1 5556.1277468999 )	44.5510947888
	767	(	3 0 2269.5076068242 2 2169.5577700933 1 5556.1277468999 )	44.5465737819
	784	(	3 0 2264.6247943242 2 2175.2340396245 1 5557.5925906499 )	44.5276297554
	796	(	3 0 2273.2917865117 2 2165.5904849370 1 5560.6443484624 )	44.5055850593
	813	(	3 0 2274.8481829961 2 2164.4689639409 1 5560.4307254155 )	44.5034104660
	834	(	3 0 2275.0210364660 2 2164.4659837087 1 5560.2674086889 )	44.5034052427
	835	(	3 0 2275.5395968755 2 2164.4570430120 1 5559.7774585088 )	44.5033902072
	836	(	3 0 2277.6138385137 2 2164.4212802251 1 5557.8176577886 )	44.5033395822
	862	(	3 0 2277.6534607013 2 2164.4631375869 1 5557.8362171849 )	44.5024545924
	873	(	3 0 2277.6720200976 2 2164.4260187944 1 5557.8803097208 )	44.5022042698
	894	(	3 0 2277.6736217396 2 2164.4230061987 1 5557.8871012743 )	44.5021534847
	895	(	3 0 2277.6784266656 2 2164.4139684116 1 5557.9074759347 )	44.5020011299
	926	(	3 0 2277.6780656053 2 2164.4142469564 1 5557.9076145962 )	44.5020006491
	935	(	3 0 2277.6777045450 2 2164.4145255012 1 5557.9077532578 )	44.5020001683
	960	(	3 0 2277.6776908533 2 2164.4145515530 1 5557.9077485906 )	44.5020001076
	969	(	3 0 2277.6776771616 2 2164.4145776048 1 5557.9077439234 )	44.5020000469
	998	(	3 0 2277.6776769992 2 2164.4145785171 1 5557.9077440168 )	44.5020000396
	1002	(	3 0 2277.6776755896 2 2164.4145787489 1 5557.9077452120 )	44.5020000391
	1003	(	3 0 2277.6776713610 2 2164.4145794445 1 5557.9077487976 )	44.5020000376
	1004	(	3 0 2277.6776544463 2 2164.4145822268 1 5557.9077631401 )	44.5020000315
	1017	(	3 0 2277.6776526708 2 2164.4145809535 1 5557.9077661574 )	44.5020000304
	1018	(	3 0 2277.6776473443 2 2164.4145771335 1 5557.9077752093 )	44.5020000273
	1019	(	3 0 2277.6776260381 2 2164.4145618536 1 5557.9078114166 )	44.5020000149
	1020	(	3 0 2277.6775408135 2 2164.4145007339 1 5557.9079562458 )	44.5019999651
	1021	(	3 0 2277.6771999150 2 2164.4142562554 1 5557.9085355629 )	44.5019997658
	1022	(	3 0 2277.6758363211 2 2164.4132783412 1 5557.9108528310 )	44.5019989688
	1023	(	3 0 2277.6703819455 2 2164.4093666844 1 5557.9201219037 )	44.5019957810
	1024	(	3 0 2277.6485644429 2 2164.3937200575 1 5557.9571981944 )	44.5019830306
	1025	(	3 0 2277.5612944327 2 2164.3311335495 1 5558.1055033573 )	44.5019320437
	1026	(	3 0 2277.2122143918 2 2164.0807875176 1 5558.6987240086 )	44.5017283345
	1027	(	3 0 2275.8158942282 2 2163.0794033902 1 5561.0716066140 )	44.5009173129
	1028	(	3 0 2270.2306135737 2 2159.0738668804 1 5570.5631370357 )	44.4977343043
	1029	(	3 0 2247.8894909557 2 2143.0517208412 1 5608.5292587223 )	44.4859818339
	1030	(	3 0 2158.5250004840 2 2078.9631366845 1 5760.3937454688 )	44.4547908218
	1033	(	3 0 2158.4825694275 2 2079.0062010404 1 5760.4007788169 )	44.4547489122
	1034	(	3 0 2158.3552762580 2 2079.1353941079 1 5760.4218788611 )	44.4546232606
	1035	(	3 0 2157.8461035800 2 2079.6521663781 1 5760.5062790381 )	44.4541218143
	1036	(	3 0 2155.8094128680 2 2081.7192554589 1 5760.8438797461 )	44.4521345918
	1037	(	3 0 2147.6626500201 2 2089.9876117822 1 5762.1942825782 )	44.4444829188
	1052	(	3 0 2147.7227315020 2 2090.3523922082 1 5761.8938751685 )	44.4435842497
	1069	(	3 0 2147.6826771807 2 2090.4554486390 1 5761.8466682898 )	44.4435085227
	1091	(	3 0 2147.6926027511 2 2090.4655555844 1 5761.8410454298 )	44.4433851946
	1112	(	3 0 2147.6928861715 2 2090.4671113006 1 5761.8399842459 )	44.4433791587
	1136	(	3 0 2147.6929242423 2 2090.4667942569 1 5761.8402457557 )	44.4433791230
	1137	(	3 0 2147.6930384547 2 2090.4658431259 1 5761.8410302851 )	44.4433790157
	1138	(	3 0 2147.6934953046 2 2090.4620386020 1 5761.8441684027 )	44.4433785866
	1139	(	3 0 2147.6953227041 2 2090.4468205065 1 5761.8567208729 )	44.4433768705
	1140	(	3 0 2147.7026323021 2 2090.3859481243 1 5761.9069307539 )	44.4433700088
	1141	(	3 0 2147.7318706941 2 2090.1424585957 1 5762.1077702780 )	44.4433426051
	1142	(	3 0 2147.8488242622 2 2089.1685004811 1 5762.9111283742 )	44.4432336844
	1143	(	3 0 2148.3166385345 2 2085.2726680225 1 5766.1245607588 )	44.4428091039
	1144	(	3 0 2150.1878956236 2 2069.6893381885 1 5778.9782902974 )	44.4412882431
	1145	(	3 0 2157.6729239799 2 2007.3560188523 1 5830.3932084519 )	44.4380329703
	1147	(	3 0 2157.6893748618 2 2007.3138187638 1 5830.6300773102 )	44.4361171875
	1148	(	3 0 2157.7387275077 2 2007.1872184983 1 5831.3406838853 )	44.4303705035
	1149	(	3 0 2157.9361380912 2 2006.6808174363 1 5834.1831101853 )	44.4073937411
	1158	(	3 0 2158.3338202811 2 2006.3889930955 1 5834.9937333542 )	44.3990282545
	1172	(	3 0 2158.1449927665 2 2006.4104507676 1 5835.4419602830 )	44.3965234705
	1213	(	3 0 2158.1449964918 2 2006.4111138693 1 5835.4437449881 )	44.3965018415
	1232	(	3 0 2158.1451043706 2 2006.4107535020 1 5835.4440376519 )	44.3965012966
	1245	(	3 0 2158.1451346238 2 2006.4106038368 1 5835.4442206956 )	44.3965006497
	1266	(	3 0 2158.1451467981 2 2006.4106038866 1 5835.4442478912 )	44.3965002964
	1295	(	3 0 2158.1451468914 2 2006.4106038087 1 5835.4442488146 )	44.3965002880
	1312	(	3 0 2158.1451469545 2 2006.4106039563 1 5835.4442486459 )	44.3965002877
	1313	(	3 0 2158.1451471435 2 2006.4106043991 1 5835.4442481398 )	44.3965002868
	1324	(	3 0 2158.1451471954 2 2006.4106041711 1 5835.4442485425 )	44.3965002846
	1337	(	3 0 2158.1451472585 2 2006.4106043187 1 5835.4442483738 )	44.3965002843
	1346	(	3 0 2158.1451473215 2 2006.4106044663 1 5835.4442482052 )	44.3965002840
	1372	(	3 0 2158.1451473156 2 2006.4106044790 1 5835.4442482011 )	44.3965002840
	1382	(	3 0 2158.1451473097 2 2006.4106044917 1 5835.4442481970 )	44.3965002840
	1403	(	3 0 2158.1451473112 2 2006.4106044911 1 5835.4442481961 )	44.3965002840
	1404	(	3 0 2158.1451473158 2 2006.4106044896 1 5835.4442481935 )	44.3965002840
	1417	(	3 0 2158.1451473173 2 2006.4106044890 1 5835.4442481927 )	44.3965002840
	1418	(	3 0 2158.1451473218 2 2006.4106044875 1 5835.4442481901 )	44.3965002840
	1431	(	3 0 2158.1451473233 2 2006.4106044869 1 5835.4442481892 )	44.3965002840
	1432	(	3 0 2158.1451473279 2 2006.4106044854 1 5835.4442481866 )	44.3965002840
	1445	(	3 0 2158.1451473294 2 2006.4106044848 1 5835.4442481858 )	44.3965002840
	1472	(	3 0 2158.1451473293 2 2006.4106044849 1 5835.4442481857 )	44.3965002840
	1493	(	3 0 2158.1451473293 2 2006.4106044849 1 5835.4442481857 )	44.3965002840
	1494	(	3 0 2158.1451473294 2 2006.4106044849 1 5835.4442481857 )	44.3965002840
	1495	(	3 0 2158.1451473295 2 2006.4106044848 1 5835.4442481857 )	44.3965002840
	1528	(	3 0 2158.1451473295 2 2006.4106044848 1 5835.4442481857 )	44.3965002840

} end of run (mesh index limits (+/- 50))

blackbox evaluations    : 1528
best feasible solution  : ( 3 0 2158.145147 2 2006.410604 1 5835.444248 ) h=0 f=44.39650028
