
TIME	BBE	OBJ

0	1	-0.001746040966254643
0	2	-0.01019466859856645
0	3	-0.01262929088633488
0	4	-0.02737222459485665
0	6	-0.03633168612260773
0	8	-0.03649432351615038
0	10	-0.06795149962330944
0	13	-0.07360536752310878
0	14	-0.09066696872825573
0	25	-0.106549342247164
0	32	-0.1145527897987842
1	43	-0.1219426591809022
1	44	-0.134377704552527
1	48	-0.1582591392910043
1	57	-0.1794716687140574
2	68	-0.1954582060851584
2	92	-0.1967787148730447
2	100	-0.2074681592385568
2	101	-0.2081555540466212
6	101	-0.2081555540466212

evaluations           : 101
multiple evaluations  : 0
cache hits            : 1507
cache search points   : 33
best feasible solution: x=( 3 3 3 7 7 3 3 3 3 7 ) F(x)=[ -750140.25 -33 -0.2081555540466212 ] h=0 f=-0.2081555540466212
